[Mon, 21 Dec 2015 08:51:16 -0800] Error 7.7777777777778E+19:3;1;ArchivoResumen rutas de escape Rev. 1 marzo 2015.pdf
[Mon, 21 Dec 2015 08:51:16 -0800] Error 7.7777777777778E+19:4;1;ArchivoManual de análisis de pistas A320 Ed. 02 Rev. 00.pdf
[Mon, 21 Dec 2015 08:51:16 -0800] Error 7.7777777777778E+19:5;1;ArchivoManual ERP  Emergency response plan - Plan respuesta a la emergenca Rev. 01.pdf
[Mon, 21 Dec 2015 08:51:16 -0800] Error 7.7777777777778E+19:6;1;ArchivoManual Técnico de Despacho de Vuelo A319 A320 REV. ORG..pdf
[Mon, 21 Dec 2015 08:51:16 -0800] Error 7.7777777777778E+19:7;1;ArchivoMEL GLG rev. 10.pdf
[Mon, 21 Dec 2015 08:51:16 -0800] Error 7.7777777777778E+19:8;1;ArchivoManual de análisis de pistas A319 Ed. 02 Rev. 00.pdf
[Mon, 21 Dec 2015 08:51:16 -0800] Error 7.7777777777778E+19:9;1;ArchivoManual de mercancias peligrosas Rev. 07.pdf
[Mon, 21 Dec 2015 08:51:16 -0800] Error 7.7777777777778E+19:10;1;ArchivoManual de capacitación Ed. 03 Rev. 00.pdf
[Mon, 21 Dec 2015 08:51:16 -0800] Error 7.7777777777778E+19:11;1;ArchivoABP Viru VIiruRev. 1 septiembre. 2014.pdf
[Mon, 21 Dec 2015 08:51:16 -0800] Error 7.7777777777778E+19:12;1;ArchivoABP Coca Rev. 17 abril 2014.pdf
[Mon, 21 Dec 2015 08:51:16 -0800] Error 7.7777777777778E+19:13;1;ArchivoNotificaciones
[Mon, 21 Dec 2015 08:51:16 -0800] Error 7.7777777777778E+19:14;1;ArchivoEosid 31 marzo 2015.pdf
[Mon, 21 Dec 2015 08:51:16 -0800] Error 7.7777777777778E+19:15;1;ArchivoM2K 035-ESPECIFICACIONES OPERACIONALES PARTE 121 2K.pdf
[Mon, 21 Dec 2015 08:51:16 -0800] Error 7.7777777777778E+19:16;1;ArchivoBoletines operacionales 11 sep. 2015.pdf
[Mon, 21 Dec 2015 08:51:16 -0800] Error 7.7777777777778E+19:17;1;ArchivoManual de operaciones Rev. 02.pdf
[Mon, 21 Dec 2015 08:51:16 -0800] Error 7.7777777777778E+19:18;1;ArchivoABP Quito Rev. 17 abril 2014.pdf
[Mon, 21 Dec 2015 08:51:16 -0800] Error 7.7777777777778E+19:19;1;ArchivoABP La Paz Rev. 1 31 marzo 2015.pdf
[Mon, 21 Dec 2015 08:51:16 -0800] Error 7.7777777777778E+19:20;1;ArchivoManual SMS Ed. Rev. 02.pdf
[Mon, 21 Dec 2015 08:51:16 -0800] Error 7.7777777777778E+19:21;1;ArchivoListas de chequeo REV. 1.pdf
[Mon, 21 Dec 2015 08:51:16 -0800] Error 7.7777777777778E+19:22;1;ArchivoManuales Airbus
[Mon, 21 Dec 2015 08:51:16 -0800] Error 7.7777777777778E+19:23;1;ArchivoGPA A319-320 (Aerogal).pdf
[Mon, 21 Dec 2015 08:51:16 -0800] Error 7.7777777777778E+19:24;1;Archivocheck list abordo aeronaves.pdf
[Mon, 21 Dec 2015 08:52:55 -0800] Error 7.7777777777778E+19:3;1;ArchivoResumen rutas de escape Rev. 1 marzo 2015.pdf
[Mon, 21 Dec 2015 08:52:55 -0800] Error 7.7777777777778E+19:4;1;ArchivoManual de análisis de pistas A320 Ed. 02 Rev. 00.pdf
[Mon, 21 Dec 2015 08:52:55 -0800] Error 7.7777777777778E+19:5;1;ArchivoManual ERP  Emergency response plan - Plan respuesta a la emergenca Rev. 01.pdf
[Mon, 21 Dec 2015 08:52:55 -0800] Error 7.7777777777778E+19:6;1;ArchivoManual Técnico de Despacho de Vuelo A319 A320 REV. ORG..pdf
[Mon, 21 Dec 2015 08:52:55 -0800] Error 7.7777777777778E+19:7;1;ArchivoMEL GLG rev. 10.pdf
[Mon, 21 Dec 2015 08:52:55 -0800] Error 7.7777777777778E+19:8;1;ArchivoManual de análisis de pistas A319 Ed. 02 Rev. 00.pdf
[Mon, 21 Dec 2015 08:52:55 -0800] Error 7.7777777777778E+19:9;1;ArchivoManual de mercancias peligrosas Rev. 07.pdf
[Mon, 21 Dec 2015 08:52:55 -0800] Error 7.7777777777778E+19:10;1;ArchivoManual de capacitación Ed. 03 Rev. 00.pdf
[Mon, 21 Dec 2015 08:52:55 -0800] Error 7.7777777777778E+19:11;1;ArchivoABP Viru VIiruRev. 1 septiembre. 2014.pdf
[Mon, 21 Dec 2015 08:52:55 -0800] Error 7.7777777777778E+19:12;1;ArchivoABP Coca Rev. 17 abril 2014.pdf
[Mon, 21 Dec 2015 08:52:55 -0800] Error 7.7777777777778E+19:13;1;ArchivoNotificaciones
[Mon, 21 Dec 2015 08:52:55 -0800] Error 7.7777777777778E+19:14;1;ArchivoEosid 31 marzo 2015.pdf
[Mon, 21 Dec 2015 08:52:55 -0800] Error 7.7777777777778E+19:15;1;ArchivoM2K 035-ESPECIFICACIONES OPERACIONALES PARTE 121 2K.pdf
[Mon, 21 Dec 2015 08:52:55 -0800] Error 7.7777777777778E+19:16;1;ArchivoBoletines operacionales 11 sep. 2015.pdf
[Mon, 21 Dec 2015 08:52:55 -0800] Error 7.7777777777778E+19:17;1;ArchivoManual de operaciones Rev. 02.pdf
[Mon, 21 Dec 2015 08:52:55 -0800] Error 7.7777777777778E+19:18;1;ArchivoABP Quito Rev. 17 abril 2014.pdf
[Mon, 21 Dec 2015 08:52:55 -0800] Error 7.7777777777778E+19:19;1;ArchivoABP La Paz Rev. 1 31 marzo 2015.pdf
[Mon, 21 Dec 2015 08:52:55 -0800] Error 7.7777777777778E+19:20;1;ArchivoManual SMS Ed. Rev. 02.pdf
[Mon, 21 Dec 2015 08:52:55 -0800] Error 7.7777777777778E+19:21;1;ArchivoListas de chequeo REV. 1.pdf
[Mon, 21 Dec 2015 08:52:55 -0800] Error 7.7777777777778E+19:22;1;ArchivoManuales Airbus
[Mon, 21 Dec 2015 08:52:55 -0800] Error 7.7777777777778E+19:23;1;ArchivoGPA A319-320 (Aerogal).pdf
[Mon, 21 Dec 2015 08:52:55 -0800] Error 7.7777777777778E+19:24;1;Archivocheck list abordo aeronaves.pdf
[Mon, 21 Dec 2015 10:08:26 -0800] Error 7.7777777777778E+19:3;1;ArchivoResumen rutas de escape Rev. 1 marzo 2015.pdf
[Mon, 21 Dec 2015 10:08:26 -0800] Error 7.7777777777778E+19:4;1;ArchivoManual de análisis de pistas A320 Ed. 02 Rev. 00.pdf
[Mon, 21 Dec 2015 10:08:26 -0800] Error 7.7777777777778E+19:5;1;ArchivoManual ERP  Emergency response plan - Plan respuesta a la emergenca Rev. 01.pdf
[Mon, 21 Dec 2015 10:08:26 -0800] Error 7.7777777777778E+19:6;1;ArchivoManual Técnico de Despacho de Vuelo A319 A320 REV. ORG..pdf
[Mon, 21 Dec 2015 10:08:26 -0800] Error 7.7777777777778E+19:7;1;ArchivoMEL GLG rev. 10.pdf
[Mon, 21 Dec 2015 10:08:26 -0800] Error 7.7777777777778E+19:8;1;ArchivoManual de análisis de pistas A319 Ed. 02 Rev. 00.pdf
[Mon, 21 Dec 2015 10:08:26 -0800] Error 7.7777777777778E+19:9;1;ArchivoManual de mercancias peligrosas Rev. 07.pdf
[Mon, 21 Dec 2015 10:08:26 -0800] Error 7.7777777777778E+19:10;1;ArchivoManual de capacitación Ed. 03 Rev. 00.pdf
[Mon, 21 Dec 2015 10:08:26 -0800] Error 7.7777777777778E+19:11;1;ArchivoABP Viru VIiruRev. 1 septiembre. 2014.pdf
[Mon, 21 Dec 2015 10:08:26 -0800] Error 7.7777777777778E+19:12;1;ArchivoABP Coca Rev. 17 abril 2014.pdf
[Mon, 21 Dec 2015 10:08:26 -0800] Error 7.7777777777778E+19:13;1;ArchivoNotificaciones
[Mon, 21 Dec 2015 10:08:26 -0800] Error 7.7777777777778E+19:14;1;ArchivoEosid 31 marzo 2015.pdf
[Mon, 21 Dec 2015 10:08:26 -0800] Error 7.7777777777778E+19:15;1;ArchivoM2K 035-ESPECIFICACIONES OPERACIONALES PARTE 121 2K.pdf
[Mon, 21 Dec 2015 10:08:26 -0800] Error 7.7777777777778E+19:16;1;ArchivoBoletines operacionales 11 sep. 2015.pdf
[Mon, 21 Dec 2015 10:08:26 -0800] Error 7.7777777777778E+19:17;1;ArchivoManual de operaciones Rev. 02.pdf
[Mon, 21 Dec 2015 10:08:26 -0800] Error 7.7777777777778E+19:18;1;ArchivoABP Quito Rev. 17 abril 2014.pdf
[Mon, 21 Dec 2015 10:08:26 -0800] Error 7.7777777777778E+19:19;1;ArchivoABP La Paz Rev. 1 31 marzo 2015.pdf
[Mon, 21 Dec 2015 10:08:26 -0800] Error 7.7777777777778E+19:20;1;ArchivoManual SMS Ed. Rev. 02.pdf
[Mon, 21 Dec 2015 10:08:26 -0800] Error 7.7777777777778E+19:21;1;ArchivoListas de chequeo REV. 1.pdf
[Mon, 21 Dec 2015 10:08:26 -0800] Error 7.7777777777778E+19:22;1;ArchivoManuales Airbus
[Mon, 21 Dec 2015 10:08:26 -0800] Error 7.7777777777778E+19:23;1;ArchivoGPA A319-320 (Aerogal).pdf
[Mon, 21 Dec 2015 10:08:26 -0800] Error 7.7777777777778E+19:24;1;Archivocheck list abordo aeronaves.pdf
[Mon, 21 Dec 2015 10:09:07 -0800] Error 7.7777777777778E+19:3;1;ArchivoResumen rutas de escape Rev. 1 marzo 2015.pdf
[Mon, 21 Dec 2015 10:09:07 -0800] Error 7.7777777777778E+19:4;1;ArchivoManual de análisis de pistas A320 Ed. 02 Rev. 00.pdf
[Mon, 21 Dec 2015 10:09:07 -0800] Error 7.7777777777778E+19:5;1;ArchivoManual ERP  Emergency response plan - Plan respuesta a la emergenca Rev. 01.pdf
[Mon, 21 Dec 2015 10:09:07 -0800] Error 7.7777777777778E+19:6;1;ArchivoManual Técnico de Despacho de Vuelo A319 A320 REV. ORG..pdf
[Mon, 21 Dec 2015 10:09:07 -0800] Error 7.7777777777778E+19:7;1;ArchivoMEL GLG rev. 10.pdf
[Mon, 21 Dec 2015 10:09:07 -0800] Error 7.7777777777778E+19:8;1;ArchivoManual de análisis de pistas A319 Ed. 02 Rev. 00.pdf
[Mon, 21 Dec 2015 10:09:07 -0800] Error 7.7777777777778E+19:9;1;ArchivoManual de mercancias peligrosas Rev. 07.pdf
[Mon, 21 Dec 2015 10:09:07 -0800] Error 7.7777777777778E+19:10;1;ArchivoManual de capacitación Ed. 03 Rev. 00.pdf
[Mon, 21 Dec 2015 10:09:07 -0800] Error 7.7777777777778E+19:11;1;ArchivoABP Viru VIiruRev. 1 septiembre. 2014.pdf
[Mon, 21 Dec 2015 10:09:07 -0800] Error 7.7777777777778E+19:12;1;ArchivoABP Coca Rev. 17 abril 2014.pdf
[Mon, 21 Dec 2015 10:09:07 -0800] Error 7.7777777777778E+19:13;1;ArchivoNotificaciones
[Mon, 21 Dec 2015 10:09:07 -0800] Error 7.7777777777778E+19:14;1;ArchivoEosid 31 marzo 2015.pdf
[Mon, 21 Dec 2015 10:09:07 -0800] Error 7.7777777777778E+19:15;1;ArchivoM2K 035-ESPECIFICACIONES OPERACIONALES PARTE 121 2K.pdf
[Mon, 21 Dec 2015 10:09:07 -0800] Error 7.7777777777778E+19:16;1;ArchivoBoletines operacionales 11 sep. 2015.pdf
[Mon, 21 Dec 2015 10:09:07 -0800] Error 7.7777777777778E+19:17;1;ArchivoManual de operaciones Rev. 02.pdf
[Mon, 21 Dec 2015 10:09:07 -0800] Error 7.7777777777778E+19:18;1;ArchivoABP Quito Rev. 17 abril 2014.pdf
[Mon, 21 Dec 2015 10:09:07 -0800] Error 7.7777777777778E+19:19;1;ArchivoABP La Paz Rev. 1 31 marzo 2015.pdf
[Mon, 21 Dec 2015 10:09:07 -0800] Error 7.7777777777778E+19:20;1;ArchivoManual SMS Ed. Rev. 02.pdf
[Mon, 21 Dec 2015 10:09:07 -0800] Error 7.7777777777778E+19:21;1;ArchivoListas de chequeo REV. 1.pdf
[Mon, 21 Dec 2015 10:09:07 -0800] Error 7.7777777777778E+19:22;1;ArchivoManuales Airbus
[Mon, 21 Dec 2015 10:09:07 -0800] Error 7.7777777777778E+19:23;1;ArchivoGPA A319-320 (Aerogal).pdf
[Mon, 21 Dec 2015 10:09:07 -0800] Error 7.7777777777778E+19:24;1;Archivocheck list abordo aeronaves.pdf
[Mon, 21 Dec 2015 12:23:29 -0800] Error 7.7777777777778E+19:3;1;ArchivoResumen rutas de escape Rev. 1 marzo 2015.pdf
[Mon, 21 Dec 2015 12:23:29 -0800] Error 7.7777777777778E+19:4;1;ArchivoManual de análisis de pistas A320 Ed. 02 Rev. 00.pdf
[Mon, 21 Dec 2015 12:23:29 -0800] Error 7.7777777777778E+19:5;1;ArchivoManual ERP  Emergency response plan - Plan respuesta a la emergenca Rev. 01.pdf
[Mon, 21 Dec 2015 12:23:29 -0800] Error 7.7777777777778E+19:6;1;ArchivoManual Técnico de Despacho de Vuelo A319 A320 REV. ORG..pdf
[Mon, 21 Dec 2015 12:23:29 -0800] Error 7.7777777777778E+19:7;1;ArchivoMEL GLG rev. 10.pdf
[Mon, 21 Dec 2015 12:23:29 -0800] Error 7.7777777777778E+19:8;1;ArchivoManual de análisis de pistas A319 Ed. 02 Rev. 00.pdf
[Mon, 21 Dec 2015 12:23:29 -0800] Error 7.7777777777778E+19:9;1;ArchivoManual de mercancias peligrosas Rev. 07.pdf
[Mon, 21 Dec 2015 12:23:29 -0800] Error 7.7777777777778E+19:10;1;ArchivoManual de capacitación Ed. 03 Rev. 00.pdf
[Mon, 21 Dec 2015 12:23:29 -0800] Error 7.7777777777778E+19:11;1;ArchivoABP Viru VIiruRev. 1 septiembre. 2014.pdf
[Mon, 21 Dec 2015 12:23:29 -0800] Error 7.7777777777778E+19:12;1;ArchivoABP Coca Rev. 17 abril 2014.pdf
[Mon, 21 Dec 2015 12:23:29 -0800] Error 7.7777777777778E+19:13;1;ArchivoNotificaciones
[Mon, 21 Dec 2015 12:23:29 -0800] Error 7.7777777777778E+19:14;1;ArchivoEosid 31 marzo 2015.pdf
[Mon, 21 Dec 2015 12:23:29 -0800] Error 7.7777777777778E+19:15;1;ArchivoM2K 035-ESPECIFICACIONES OPERACIONALES PARTE 121 2K.pdf
[Mon, 21 Dec 2015 12:23:29 -0800] Error 7.7777777777778E+19:16;1;ArchivoBoletines operacionales 11 sep. 2015.pdf
[Mon, 21 Dec 2015 12:23:29 -0800] Error 7.7777777777778E+19:17;1;ArchivoManual de operaciones Rev. 02.pdf
[Mon, 21 Dec 2015 12:23:29 -0800] Error 7.7777777777778E+19:18;1;ArchivoABP Quito Rev. 17 abril 2014.pdf
[Mon, 21 Dec 2015 12:23:29 -0800] Error 7.7777777777778E+19:19;1;ArchivoABP La Paz Rev. 1 31 marzo 2015.pdf
[Mon, 21 Dec 2015 12:23:29 -0800] Error 7.7777777777778E+19:20;1;ArchivoManual SMS Ed. Rev. 02.pdf
[Mon, 21 Dec 2015 12:23:29 -0800] Error 7.7777777777778E+19:21;1;ArchivoListas de chequeo REV. 1.pdf
[Mon, 21 Dec 2015 12:23:29 -0800] Error 7.7777777777778E+19:22;1;ArchivoManuales Airbus
[Mon, 21 Dec 2015 12:23:29 -0800] Error 7.7777777777778E+19:23;1;ArchivoGPA A319-320 (Aerogal).pdf
[Mon, 21 Dec 2015 12:23:29 -0800] Error 7.7777777777778E+19:24;1;Archivocheck list abordo aeronaves.pdf
[Mon, 21 Dec 2015 12:23:35 -0800] Error 7.7777777777778E+19:3;1;ArchivoResumen rutas de escape Rev. 1 marzo 2015.pdf
[Mon, 21 Dec 2015 12:23:35 -0800] Error 7.7777777777778E+19:4;1;ArchivoManual de análisis de pistas A320 Ed. 02 Rev. 00.pdf
[Mon, 21 Dec 2015 12:23:35 -0800] Error 7.7777777777778E+19:5;1;ArchivoManual ERP  Emergency response plan - Plan respuesta a la emergenca Rev. 01.pdf
[Mon, 21 Dec 2015 12:23:35 -0800] Error 7.7777777777778E+19:6;1;ArchivoManual Técnico de Despacho de Vuelo A319 A320 REV. ORG..pdf
[Mon, 21 Dec 2015 12:23:35 -0800] Error 7.7777777777778E+19:7;1;ArchivoMEL GLG rev. 10.pdf
[Mon, 21 Dec 2015 12:23:35 -0800] Error 7.7777777777778E+19:8;1;ArchivoManual de análisis de pistas A319 Ed. 02 Rev. 00.pdf
[Mon, 21 Dec 2015 12:23:35 -0800] Error 7.7777777777778E+19:9;1;ArchivoManual de mercancias peligrosas Rev. 07.pdf
[Mon, 21 Dec 2015 12:23:35 -0800] Error 7.7777777777778E+19:10;1;ArchivoManual de capacitación Ed. 03 Rev. 00.pdf
[Mon, 21 Dec 2015 12:23:35 -0800] Error 7.7777777777778E+19:11;1;ArchivoABP Viru VIiruRev. 1 septiembre. 2014.pdf
[Mon, 21 Dec 2015 12:23:35 -0800] Error 7.7777777777778E+19:12;1;ArchivoABP Coca Rev. 17 abril 2014.pdf
[Mon, 21 Dec 2015 12:23:35 -0800] Error 7.7777777777778E+19:13;1;ArchivoNotificaciones
[Mon, 21 Dec 2015 12:23:35 -0800] Error 7.7777777777778E+19:14;1;ArchivoEosid 31 marzo 2015.pdf
[Mon, 21 Dec 2015 12:23:35 -0800] Error 7.7777777777778E+19:15;1;ArchivoM2K 035-ESPECIFICACIONES OPERACIONALES PARTE 121 2K.pdf
[Mon, 21 Dec 2015 12:23:35 -0800] Error 7.7777777777778E+19:16;1;ArchivoBoletines operacionales 11 sep. 2015.pdf
[Mon, 21 Dec 2015 12:23:35 -0800] Error 7.7777777777778E+19:17;1;ArchivoManual de operaciones Rev. 02.pdf
[Mon, 21 Dec 2015 12:23:35 -0800] Error 7.7777777777778E+19:18;1;ArchivoABP Quito Rev. 17 abril 2014.pdf
[Mon, 21 Dec 2015 12:23:35 -0800] Error 7.7777777777778E+19:19;1;ArchivoABP La Paz Rev. 1 31 marzo 2015.pdf
[Mon, 21 Dec 2015 12:23:35 -0800] Error 7.7777777777778E+19:20;1;ArchivoManual SMS Ed. Rev. 02.pdf
[Mon, 21 Dec 2015 12:23:35 -0800] Error 7.7777777777778E+19:21;1;ArchivoListas de chequeo REV. 1.pdf
[Mon, 21 Dec 2015 12:23:35 -0800] Error 7.7777777777778E+19:22;1;ArchivoManuales Airbus
[Mon, 21 Dec 2015 12:23:35 -0800] Error 7.7777777777778E+19:23;1;ArchivoGPA A319-320 (Aerogal).pdf
[Mon, 21 Dec 2015 12:23:35 -0800] Error 7.7777777777778E+19:24;1;Archivocheck list abordo aeronaves.pdf
[Mon, 21 Dec 2015 13:05:39 -0800] Error 7.7777777777778E+19:3;1;ArchivoResumen rutas de escape Rev. 1 marzo 2015.pdf
[Mon, 21 Dec 2015 13:05:39 -0800] Error 7.7777777777778E+19:4;1;ArchivoManual de análisis de pistas A320 Ed. 02 Rev. 00.pdf
[Mon, 21 Dec 2015 13:05:39 -0800] Error 7.7777777777778E+19:5;1;ArchivoManual ERP  Emergency response plan - Plan respuesta a la emergenca Rev. 01.pdf
[Mon, 21 Dec 2015 13:05:39 -0800] Error 7.7777777777778E+19:6;1;ArchivoManual Técnico de Despacho de Vuelo A319 A320 REV. ORG..pdf
[Mon, 21 Dec 2015 13:05:39 -0800] Error 7.7777777777778E+19:7;1;ArchivoMEL GLG rev. 10.pdf
[Mon, 21 Dec 2015 13:05:39 -0800] Error 7.7777777777778E+19:8;1;ArchivoManual de análisis de pistas A319 Ed. 02 Rev. 00.pdf
[Mon, 21 Dec 2015 13:05:39 -0800] Error 7.7777777777778E+19:9;1;ArchivoManual de mercancias peligrosas Rev. 07.pdf
[Mon, 21 Dec 2015 13:05:39 -0800] Error 7.7777777777778E+19:10;1;ArchivoManual de capacitación Ed. 03 Rev. 00.pdf
[Mon, 21 Dec 2015 13:05:39 -0800] Error 7.7777777777778E+19:11;1;ArchivoABP Viru VIiruRev. 1 septiembre. 2014.pdf
[Mon, 21 Dec 2015 13:05:39 -0800] Error 7.7777777777778E+19:12;1;ArchivoABP Coca Rev. 17 abril 2014.pdf
[Mon, 21 Dec 2015 13:05:39 -0800] Error 7.7777777777778E+19:13;1;ArchivoNotificaciones
[Mon, 21 Dec 2015 13:05:39 -0800] Error 7.7777777777778E+19:14;1;ArchivoEosid 31 marzo 2015.pdf
[Mon, 21 Dec 2015 13:05:39 -0800] Error 7.7777777777778E+19:15;1;ArchivoM2K 035-ESPECIFICACIONES OPERACIONALES PARTE 121 2K.pdf
[Mon, 21 Dec 2015 13:05:39 -0800] Error 7.7777777777778E+19:16;1;ArchivoBoletines operacionales 11 sep. 2015.pdf
[Mon, 21 Dec 2015 13:05:39 -0800] Error 7.7777777777778E+19:17;1;ArchivoManual de operaciones Rev. 02.pdf
[Mon, 21 Dec 2015 13:05:39 -0800] Error 7.7777777777778E+19:18;1;ArchivoABP Quito Rev. 17 abril 2014.pdf
[Mon, 21 Dec 2015 13:05:39 -0800] Error 7.7777777777778E+19:19;1;ArchivoABP La Paz Rev. 1 31 marzo 2015.pdf
[Mon, 21 Dec 2015 13:05:39 -0800] Error 7.7777777777778E+19:20;1;ArchivoManual SMS Ed. Rev. 02.pdf
[Mon, 21 Dec 2015 13:05:39 -0800] Error 7.7777777777778E+19:21;1;ArchivoListas de chequeo REV. 1.pdf
[Mon, 21 Dec 2015 13:05:39 -0800] Error 7.7777777777778E+19:22;1;ArchivoManuales Airbus
[Mon, 21 Dec 2015 13:05:39 -0800] Error 7.7777777777778E+19:23;1;ArchivoGPA A319-320 (Aerogal).pdf
[Mon, 21 Dec 2015 13:05:39 -0800] Error 7.7777777777778E+19:24;1;Archivocheck list abordo aeronaves.pdf
